TN:
SF:server.js
FN:36,(anonymous_0)
FN:39,(anonymous_1)
FN:48,(anonymous_2)
FN:68,(anonymous_3)
FN:69,(anonymous_4)
FN:72,(anonymous_5)
FN:91,(anonymous_6)
FN:132,(anonymous_7)
FN:141,(anonymous_8)
FN:288,executeBuild
FN:289,(anonymous_10)
FN:294,(anonymous_11)
FN:298,(anonymous_12)
FN:302,(anonymous_13)
FN:313,pingHost
FN:332,executeSSHCommand
FN:333,(anonymous_16)
FN:337,(anonymous_17)
FN:338,(anonymous_18)
FN:349,(anonymous_19)
FN:357,(anonymous_20)
FN:359,(anonymous_21)
FN:370,(anonymous_22)
FN:381,executeRemoteCommand
FN:401,(anonymous_24)
FNF:25
FNH:23
FNDA:20,(anonymous_0)
FNDA:20,(anonymous_1)
FNDA:20,(anonymous_2)
FNDA:17,(anonymous_3)
FNDA:1,(anonymous_4)
FNDA:1,(anonymous_5)
FNDA:16,(anonymous_6)
FNDA:3,(anonymous_7)
FNDA:11,(anonymous_8)
FNDA:2,executeBuild
FNDA:2,(anonymous_10)
FNDA:3,(anonymous_11)
FNDA:3,(anonymous_12)
FNDA:3,(anonymous_13)
FNDA:0,pingHost
FNDA:2,executeSSHCommand
FNDA:2,(anonymous_16)
FNDA:2,(anonymous_17)
FNDA:2,(anonymous_18)
FNDA:2,(anonymous_19)
FNDA:2,(anonymous_20)
FNDA:2,(anonymous_21)
FNDA:2,(anonymous_22)
FNDA:1,executeRemoteCommand
FNDA:0,(anonymous_24)
DA:1,11
DA:2,11
DA:3,11
DA:4,11
DA:5,11
DA:6,11
DA:7,11
DA:9,11
DA:10,11
DA:11,11
DA:13,11
DA:16,11
DA:28,11
DA:30,11
DA:33,11
DA:36,11
DA:37,20
DA:39,20
DA:40,20
DA:41,20
DA:44,20
DA:48,11
DA:49,20
DA:50,20
DA:51,20
DA:53,20
DA:55,20
DA:56,3
DA:57,3
DA:63,17
DA:64,17
DA:68,11
DA:69,17
DA:70,17
DA:71,1
DA:72,1
DA:74,1
DA:76,0
DA:77,0
DA:79,1
DA:82,1
DA:83,1
DA:84,1
DA:87,16
DA:91,11
DA:92,16
DA:95,16
DA:96,3
DA:99,13
DA:100,13
DA:102,13
DA:103,1
DA:107,1
DA:110,12
DA:111,12
DA:112,1
DA:116,1
DA:120,11
DA:124,11
DA:132,11
DA:133,3
DA:141,11
DA:142,11
DA:143,11
DA:149,11
DA:151,11
DA:152,11
DA:153,2
DA:207,9
DA:208,8
DA:211,7
DA:213,3
DA:214,3
DA:215,2
DA:217,2
DA:218,1
DA:219,1
DA:220,1
DA:222,1
DA:225,2
DA:227,1
DA:228,1
DA:230,3
DA:233,2
DA:234,2
DA:236,1
DA:237,0
DA:238,0
DA:240,1
DA:243,1
DA:245,1
DA:246,1
DA:248,2
DA:251,0
DA:252,0
DA:253,0
DA:254,0
DA:256,0
DA:257,0
DA:259,0
DA:262,1
DA:263,1
DA:264,1
DA:265,1
DA:266,1
DA:268,0
DA:269,0
DA:271,1
DA:274,1
DA:275,1
DA:278,7
DA:280,1
DA:283,1
DA:284,1
DA:289,2
DA:290,2
DA:291,2
DA:292,2
DA:294,2
DA:295,3
DA:298,2
DA:299,3
DA:302,2
DA:303,3
DA:314,0
DA:315,0
DA:316,0
DA:323,0
DA:333,2
DA:334,2
DA:335,2
DA:337,2
DA:338,2
DA:339,2
DA:340,0
DA:346,0
DA:349,2
DA:350,2
DA:351,2
DA:358,2
DA:360,2
DA:370,2
DA:371,2
DA:382,1
DA:383,1
DA:385,1
DA:386,0
DA:394,1
DA:397,11
DA:400,11
DA:401,0
DA:402,0
DA:403,0
DA:404,0
DA:409,11
LF:155
LH:131
BRDA:31,0,0,0
BRDA:31,0,1,11
BRDA:49,1,0,20
BRDA:49,1,1,0
BRDA:49,1,2,0
BRDA:50,2,0,20
BRDA:50,2,1,6
BRDA:51,3,0,20
BRDA:51,3,1,6
BRDA:55,4,0,3
BRDA:55,4,1,17
BRDA:69,5,0,1
BRDA:69,5,1,16
BRDA:70,6,0,1
BRDA:70,6,1,16
BRDA:71,7,0,1
BRDA:71,7,1,0
BRDA:71,7,2,0
BRDA:74,8,0,0
BRDA:74,8,1,1
BRDA:82,9,0,1
BRDA:82,9,1,0
BRDA:95,10,0,3
BRDA:95,10,1,13
BRDA:99,11,0,13
BRDA:99,11,1,0
BRDA:99,12,0,13
BRDA:99,12,1,13
BRDA:102,13,0,1
BRDA:102,13,1,12
BRDA:104,14,0,1
BRDA:104,14,1,0
BRDA:111,15,0,1
BRDA:111,15,1,11
BRDA:113,16,0,1
BRDA:113,16,1,0
BRDA:127,17,0,0
BRDA:127,17,1,11
BRDA:142,18,0,11
BRDA:142,18,1,0
BRDA:152,19,0,2
BRDA:152,19,1,9
BRDA:207,20,0,8
BRDA:207,20,1,1
BRDA:211,21,0,3
BRDA:211,21,1,2
BRDA:211,21,2,0
BRDA:211,21,3,1
BRDA:211,21,4,1
BRDA:215,22,0,2
BRDA:215,22,1,2
BRDA:217,23,0,1
BRDA:217,23,1,1
BRDA:236,24,0,0
BRDA:236,24,1,1
BRDA:339,25,0,0
BRDA:339,25,1,2
BRDA:382,26,0,1
BRDA:382,26,1,1
BRDA:385,27,0,0
BRDA:385,27,1,1
BRDA:397,28,0,11
BRDA:397,28,1,0
BRDA:400,29,0,0
BRDA:400,29,1,11
BRF:65
BRH:47
end_of_record
TN:
SF:utils/logger.js
FN:5,(anonymous_0)
FN:21,(anonymous_1)
FN:27,(anonymous_2)
FN:31,(anonymous_3)
FN:37,(anonymous_4)
FN:55,(anonymous_5)
FN:79,(anonymous_6)
FN:88,(anonymous_7)
FN:96,(anonymous_8)
FN:104,(anonymous_9)
FN:113,(anonymous_10)
FN:122,(anonymous_11)
FNF:12
FNH:12
FNDA:12,(anonymous_0)
FNDA:12,(anonymous_1)
FNDA:22,(anonymous_2)
FNDA:36,(anonymous_3)
FNDA:47,(anonymous_4)
FNDA:3,(anonymous_5)
FNDA:2,(anonymous_6)
FNDA:2,(anonymous_7)
FNDA:17,(anonymous_8)
FNDA:1,(anonymous_9)
FNDA:9,(anonymous_10)
FNDA:21,(anonymous_11)
DA:1,12
DA:2,12
DA:6,12
DA:7,12
DA:8,12
DA:9,12
DA:11,12
DA:18,12
DA:22,12
DA:23,1
DA:28,22
DA:32,36
DA:33,36
DA:34,36
DA:38,47
DA:40,47
DA:42,47
DA:43,39
DA:44,39
DA:45,3
DA:49,47
DA:51,2
DA:56,3
DA:57,3
DA:58,3
DA:61,3
DA:62,12
DA:63,12
DA:65,12
DA:66,12
DA:67,3
DA:69,9
DA:75,3
DA:76,3
DA:80,2
DA:81,2
DA:82,2
DA:83,2
DA:84,2
DA:89,2
DA:90,1
DA:91,1
DA:92,1
DA:97,17
DA:98,2
DA:99,2
DA:100,2
DA:105,1
DA:106,1
DA:107,1
DA:108,1
DA:114,9
DA:115,9
DA:116,9
DA:117,9
DA:118,9
DA:123,21
DA:124,21
DA:125,21
DA:126,21
DA:127,21
DA:129,21
DA:139,21
DA:140,21
DA:141,21
DA:145,12
LF:66
LH:66
BRDA:6,0,0,12
BRDA:6,0,1,0
BRDA:22,1,0,1
BRDA:22,1,1,11
BRDA:31,2,0,0
BRDA:33,3,0,30
BRDA:33,3,1,6
BRDA:42,4,0,39
BRDA:42,4,1,8
BRDA:44,5,0,3
BRDA:44,5,1,36
BRDA:65,6,0,12
BRDA:65,6,1,0
BRDA:66,7,0,3
BRDA:66,7,1,9
BRDA:79,8,0,2
BRDA:80,9,0,2
BRDA:80,9,1,0
BRDA:88,10,0,1
BRDA:89,11,0,1
BRDA:89,11,1,1
BRDA:96,12,0,2
BRDA:97,13,0,2
BRDA:97,13,1,15
BRDA:104,14,0,1
BRDA:105,15,0,1
BRDA:105,15,1,0
BRDA:113,16,0,0
BRDA:123,17,0,21
BRDA:123,17,1,0
BRDA:124,18,0,21
BRDA:124,18,1,20
BRF:32
BRH:25
end_of_record
TN:
SF:utils/rate-limiter.js
FN:2,(anonymous_0)
FN:4,(anonymous_1)
FN:10,(anonymous_2)
FN:30,(anonymous_3)
FN:60,(anonymous_4)
FN:82,(anonymous_5)
FN:90,(anonymous_6)
FN:102,(anonymous_7)
FN:112,(anonymous_8)
FN:124,(anonymous_9)
FN:131,(anonymous_10)
FNF:11
FNH:8
FNDA:12,(anonymous_0)
FNDA:0,(anonymous_1)
FNDA:24,(anonymous_2)
FNDA:16,(anonymous_3)
FNDA:2,(anonymous_4)
FNDA:4,(anonymous_5)
FNDA:0,(anonymous_6)
FNDA:2,(anonymous_7)
FNDA:2,(anonymous_8)
FNDA:1,(anonymous_9)
FNDA:0,(anonymous_10)
DA:3,12
DA:4,12
DA:11,24
DA:12,24
DA:15,24
DA:16,1
DA:24,23
DA:25,0
DA:26,0
DA:30,23
DA:33,23
DA:35,4
DA:36,4
DA:38,4
DA:40,4
DA:48,19
DA:49,19
DA:51,19
DA:61,2
DA:62,2
DA:64,2
DA:66,3
DA:67,1
DA:68,1
DA:72,2
DA:73,2
DA:74,2
DA:83,4
DA:84,4
DA:85,1
DA:88,3
DA:89,3
DA:90,3
DA:92,2
DA:103,2
DA:104,2
DA:105,2
DA:106,2
DA:113,2
DA:114,2
DA:115,1
DA:116,1
DA:117,1
DA:125,1
DA:132,0
DA:133,0
DA:135,0
DA:139,12
LF:48
LH:43
BRDA:10,0,0,1
BRDA:10,1,0,1
BRDA:12,2,0,24
BRDA:12,2,1,12
BRDA:15,3,0,1
BRDA:15,3,1,23
BRDA:15,4,0,24
BRDA:15,4,1,1
BRDA:24,5,0,0
BRDA:24,5,1,23
BRDA:24,6,0,23
BRDA:24,6,1,0
BRDA:33,7,0,4
BRDA:33,7,1,19
BRDA:66,8,0,1
BRDA:66,8,1,2
BRDA:66,9,0,3
BRDA:66,9,1,1
BRDA:73,10,0,2
BRDA:73,10,1,0
BRDA:73,11,0,2
BRDA:73,11,1,2
BRDA:84,12,0,1
BRDA:84,12,1,3
BRDA:94,13,0,2
BRDA:94,13,1,1
BRDA:102,14,0,0
BRDA:103,15,0,2
BRDA:103,15,1,2
BRDA:114,16,0,1
BRDA:114,16,1,1
BRDA:132,17,0,0
BRDA:132,17,1,0
BRF:33
BRH:27
end_of_record
TN:
SF:utils/security.js
FN:4,(anonymous_0)
FN:30,(anonymous_1)
FN:50,(anonymous_2)
FN:67,(anonymous_3)
FN:80,(anonymous_4)
FN:101,(anonymous_5)
FN:104,(anonymous_6)
FN:119,(anonymous_7)
FN:151,(anonymous_8)
FNF:9
FNH:9
FNDA:12,(anonymous_0)
FNDA:8,(anonymous_1)
FNDA:60,(anonymous_2)
FNDA:3,(anonymous_3)
FNDA:7,(anonymous_4)
FNDA:6,(anonymous_5)
FNDA:3,(anonymous_6)
FNDA:15,(anonymous_7)
FNDA:9,(anonymous_8)
DA:1,12
DA:5,12
DA:13,12
DA:31,8
DA:32,2
DA:35,6
DA:36,1
DA:40,5
DA:41,34
DA:42,2
DA:48,3
DA:49,3
DA:50,3
DA:51,60
DA:57,3
DA:58,0
DA:61,3
DA:69,3
DA:72,3
DA:74,3
DA:81,7
DA:82,1
DA:86,6
DA:87,3
DA:91,3
DA:92,3
DA:95,3
DA:96,0
DA:100,3
DA:101,6
DA:104,3
DA:105,3
DA:106,3
DA:109,3
DA:110,0
DA:113,3
DA:120,15
DA:121,1
DA:124,14
DA:125,14
DA:127,14
DA:128,2
DA:132,12
DA:139,12
DA:140,45
DA:141,1
DA:145,11
DA:152,9
DA:154,8
DA:155,2
DA:158,6
DA:159,2
DA:163,4
DA:164,4
DA:165,1
DA:169,3
DA:170,3
DA:171,12
DA:172,1
DA:176,2
DA:180,12
LF:61
LH:58
BRDA:31,0,0,2
BRDA:31,0,1,6
BRDA:31,1,0,8
BRDA:31,1,1,6
BRDA:35,2,0,1
BRDA:35,2,1,5
BRDA:41,3,0,2
BRDA:41,3,1,32
BRDA:51,4,0,60
BRDA:51,4,1,57
BRDA:51,4,2,57
BRDA:51,4,3,57
BRDA:57,5,0,0
BRDA:57,5,1,3
BRDA:81,6,0,1
BRDA:81,6,1,6
BRDA:81,7,0,7
BRDA:81,7,1,6
BRDA:86,8,0,3
BRDA:86,8,1,3
BRDA:86,9,0,6
BRDA:86,9,1,4
BRDA:95,10,0,0
BRDA:95,10,1,3
BRDA:95,11,0,3
BRDA:95,11,1,3
BRDA:100,12,0,3
BRDA:100,12,1,0
BRDA:109,13,0,0
BRDA:109,13,1,3
BRDA:120,14,0,1
BRDA:120,14,1,14
BRDA:120,15,0,15
BRDA:120,15,1,14
BRDA:127,16,0,2
BRDA:127,16,1,12
BRDA:127,17,0,14
BRDA:127,17,1,3
BRDA:140,18,0,1
BRDA:140,18,1,44
BRDA:154,19,0,2
BRDA:154,19,1,6
BRDA:154,20,0,8
BRDA:154,20,1,7
BRDA:154,20,2,7
BRDA:154,20,3,7
BRDA:158,21,0,2
BRDA:158,21,1,4
BRDA:158,22,0,6
BRDA:158,22,1,5
BRDA:158,22,2,5
BRDA:158,22,3,5
BRDA:164,23,0,1
BRDA:164,23,1,3
BRDA:164,24,0,4
BRDA:164,24,1,3
BRDA:171,25,0,1
BRDA:171,25,1,11
BRDA:171,26,0,12
BRDA:171,26,1,12
BRF:60
BRH:56
end_of_record
